<?xml version="1.0" encoding="UTF-8"?>
<testsuite name="Cucumber" time="197.609" tests="37" skipped="0" failures="7" errors="0">
<testcase classname="Create a new checking account" name="Create a new standard individual checking account" time="9.257">
<failure type="org.opentest4j.AssertionFailedError" message="actual url does not match the expected url ==&gt; expected: &lt;https://dbank-qa.wedevx.co/bank/login&gt; but was: &lt;https://dbank-qa.wedevx.co/bank/home&gt;">
<![CDATA[org.opentest4j.AssertionFailedError: actual url does not match the expected url ==> expected: <https://dbank-qa.wedevx.co/bank/login> but was: <https://dbank-qa.wedevx.co/bank/home>
	at org.junit.jupiter.api.AssertionFailureBuilder.build(AssertionFailureBuilder.java:151)
	at org.junit.jupiter.api.AssertionFailureBuilder.buildAndThrow(AssertionFailureBuilder.java:132)
	at org.junit.jupiter.api.AssertEquals.failNotEqual(AssertEquals.java:197)
	at org.junit.jupiter.api.AssertEquals.assertEquals(AssertEquals.java:182)
	at org.junit.jupiter.api.Assertions.assertEquals(Assertions.java:1153)
	at ui.steps.UI.STEPS.Checking.CreateCheckingAccountSteps.user_enters_user_name_and_password(CreateCheckingAccountSteps.java:44)
	at ✽.User enters userName "johndoe@gmail.com" and password "Test123$"(classpath:features/Checking/CreateCheckingAccount.feature:5)
]]>
</failure>
<system-out><![CDATA[
Given url "https://dbank-qa.wedevx.co/bank/login" is opened.................passed
And User enters userName "johndoe@gmail.com" and password "Test123$"........failed
And creates a new individual checking account with the following data.......skipped
Then User should see a green confirmation message saying "Successfully created new Standard Checking".skipped
And User should see the new checking account card...........................skipped
And User should see the following Transaction menu..........................skipped
]]></system-out>
</testcase>
<testcase classname="View checking account balance" name="View checking account balance" time="1.743">
<failure type="java.lang.NumberFormatException" message="Cannot parse null string">
<![CDATA[java.lang.NumberFormatException: Cannot parse null string
	at java.base/java.lang.Integer.parseInt(Integer.java:627)
	at java.base/java.lang.Integer.parseInt(Integer.java:781)
	at ui.steps.DataTableTransformer.DataTableTransformer.checkingAccount(DataTableTransformer.java:47)
]]>
</failure>
<system-out><![CDATA[
Given user is on login with credentials "johndoe@gmail.com" and password "Test123$".passed
And user has a checking account with the following details:.................failed
When user checks the account balance........................................skipped
Then user should see the following account details:.........................skipped
]]></system-out>
</testcase>
<testcase classname="Deposit" name="Positive case. depositing funds to Checking Account" time="2.851">
<failure type="java.lang.NullPointerException" message="Cannot invoke &quot;String.trim()&quot; because &quot;in&quot; is null">
<![CDATA[java.lang.NullPointerException: Cannot invoke "String.trim()" because "in" is null
	at java.base/jdk.internal.math.FloatingDecimal.readJavaFormatString(FloatingDecimal.java:1838)
	at java.base/jdk.internal.math.FloatingDecimal.parseDouble(FloatingDecimal.java:110)
	at java.base/java.lang.Double.parseDouble(Double.java:792)
	at ui.steps.DataTableTransformer.DataTableTransformer.depositTransformer(DataTableTransformer.java:39)
]]>
</failure>
<system-out><![CDATA[
Given launch application and login with login "johndoe@gmail.com" and password "Test123$".passed
And the user has checking account with original balance.....................failed
When the user deposits the following amount:................................skipped
Then the account balance should be updated as follows:......................skipped
]]></system-out>
</testcase>
<testcase classname="log in" name="Verifies user can login with valid credentials - Example #1.1" time="5.099">
<system-out><![CDATA[
Given launch application....................................................passed
Given the user entered valid "jacktest1@test.co" and "Tester123!"...........passed
When the user click on "Sign In" button.....................................passed
Then user should be successfully logged in..................................passed
]]></system-out>
</testcase>
<testcase classname="log in" name="Verify user cannot login with &quot;&lt;invalidUsername&gt;&quot; and &quot;&lt;invalidPassword&gt;&quot; - Example #1.1" time="4.018">
<system-out><![CDATA[
Given launch application....................................................passed
Given the user entered invalid "notRealName" and "notRealPassword"..........passed
When the user click on "Sign In" button.....................................passed
Then receives an error message..............................................passed
]]></system-out>
</testcase>
<testcase classname="log in" name="Verify user cannot login with &quot;&lt;invalidUsername&gt;&quot; and &quot;&lt;invalidPassword&gt;&quot; - Example #1.2" time="6.031">
<system-out><![CDATA[
Given launch application....................................................passed
Given the user entered invalid "invalid pass" and "johndoe@email.com".......passed
When the user click on "Sign In" button.....................................passed
Then receives an error message..............................................passed
]]></system-out>
</testcase>
<testcase classname="log in" name="Verify user cannot login with &quot;&lt;invalidUsername&gt;&quot; and &quot;&lt;invalidPassword&gt;&quot; - Example #1.3" time="6.63">
<system-out><![CDATA[
Given launch application....................................................passed
Given the user entered invalid "Password123" and "doesNotExistUsername".....passed
When the user click on "Sign In" button.....................................passed
Then receives an error message..............................................passed
]]></system-out>
</testcase>
<testcase classname="log in" name="Verify user cannot login with &quot;&lt;invalidUsername&gt;&quot; and &quot;&lt;invalidPassword&gt;&quot; - Example #1.4" time="4.483">
<system-out><![CDATA[
Given launch application....................................................passed
Given the user entered invalid "NotBlankPassword" and ""....................passed
When the user click on "Sign In" button.....................................passed
Then receives an error message..............................................passed
]]></system-out>
</testcase>
<testcase classname="log in" name="Verify user cannot login with &quot;&lt;invalidUsername&gt;&quot; and &quot;&lt;invalidPassword&gt;&quot; - Example #1.5" time="3.658">
<system-out><![CDATA[
Given launch application....................................................passed
Given the user entered invalid "" and "notBlankPassword"....................passed
When the user click on "Sign In" button.....................................passed
Then receives an error message..............................................passed
]]></system-out>
</testcase>
<testcase classname="log in" name="Verify user cannot login with &quot;&lt;invalidUsername&gt;&quot; and &quot;&lt;invalidPassword&gt;&quot; - Example #1.6" time="3.716">
<system-out><![CDATA[
Given launch application....................................................passed
Given the user entered invalid "" and ""....................................passed
When the user click on "Sign In" button.....................................passed
Then receives an error message..............................................passed
]]></system-out>
</testcase>
<testcase classname="Registration" name="Positive case. Successful creation of DBank account" time="5.837">
<system-out><![CDATA[
Given the following user with email "jacktest1@test.co" is not in DB........passed
And the user navigates to signup page.......................................passed
When the user creates account with following fields.........................passed
Then the user should be displayed with the message "Success Registration Successful. Please Login.".passed
Then the user info should be saved in the db................................passed
]]></system-out>
</testcase>
<testcase classname="Registration" name="Negative case. No ability to register with empty data - Example #1.1" time="3.232">
<system-out><![CDATA[
Given the following user with email "jacktest1@test.co" is not in DB........passed
And the user navigates to signup page.......................................passed
Given the user navigates to signup page.....................................passed
When the user creates account with following fields.........................passed
Then the user should see the "title" required field error message "Please select an item in the list.".passed
]]></system-out>
</testcase>
<testcase classname="Registration" name="Negative case. No ability to register with empty data - Example #1.2" time="2.335">
<system-out><![CDATA[
Given the following user with email "jacktest1@test.co" is not in DB........passed
And the user navigates to signup page.......................................passed
Given the user navigates to signup page.....................................passed
When the user creates account with following fields.........................passed
Then the user should see the "firstName" required field error message "Please fill out this field.".passed
]]></system-out>
</testcase>
<testcase classname="Registration" name="Negative case. No ability to register with empty data - Example #1.3" time="2.215">
<system-out><![CDATA[
Given the following user with email "jacktest1@test.co" is not in DB........passed
And the user navigates to signup page.......................................passed
Given the user navigates to signup page.....................................passed
When the user creates account with following fields.........................passed
Then the user should see the "lastName" required field error message "Please fill out this field.".passed
]]></system-out>
</testcase>
<testcase classname="Registration" name="Negative case. No ability to register with empty data - Example #1.4" time="2.384">
<system-out><![CDATA[
Given the following user with email "jacktest1@test.co" is not in DB........passed
And the user navigates to signup page.......................................passed
Given the user navigates to signup page.....................................passed
When the user creates account with following fields.........................passed
Then the user should see the "gender" required field error message "Please select one of these options.".passed
]]></system-out>
</testcase>
<testcase classname="Registration" name="Negative case. No ability to register with empty data - Example #1.5" time="2.49">
<system-out><![CDATA[
Given the following user with email "jacktest1@test.co" is not in DB........passed
And the user navigates to signup page.......................................passed
Given the user navigates to signup page.....................................passed
When the user creates account with following fields.........................passed
Then the user should see the "DOB" required field error message "Please fill out this field.".passed
]]></system-out>
</testcase>
<testcase classname="Registration" name="Negative case. No ability to register with empty data - Example #1.6" time="2.547">
<system-out><![CDATA[
Given the following user with email "jacktest1@test.co" is not in DB........passed
And the user navigates to signup page.......................................passed
Given the user navigates to signup page.....................................passed
When the user creates account with following fields.........................passed
Then the user should see the "DOB" required field error message "Please match the requested format.".passed
]]></system-out>
</testcase>
<testcase classname="Registration" name="Negative case. No ability to register with empty data - Example #1.7" time="2.532">
<system-out><![CDATA[
Given the following user with email "jacktest1@test.co" is not in DB........passed
And the user navigates to signup page.......................................passed
Given the user navigates to signup page.....................................passed
When the user creates account with following fields.........................passed
Then the user should see the "SSN" required field error message "Please fill out this field.".passed
]]></system-out>
</testcase>
<testcase classname="Registration" name="Negative case. No ability to register with empty data - Example #1.8" time="2.848">
<system-out><![CDATA[
Given the following user with email "jacktest1@test.co" is not in DB........passed
And the user navigates to signup page.......................................passed
Given the user navigates to signup page.....................................passed
When the user creates account with following fields.........................passed
Then the user should see the "SSN" required field error message "Please match the requested format.".passed
]]></system-out>
</testcase>
<testcase classname="Registration" name="Negative case. No ability to register with empty data - Example #1.9" time="3.393">
<system-out><![CDATA[
Given the following user with email "jacktest1@test.co" is not in DB........passed
And the user navigates to signup page.......................................passed
Given the user navigates to signup page.....................................passed
When the user creates account with following fields.........................passed
Then the user should see the "email" required field error message "Please fill out this field.".passed
]]></system-out>
</testcase>
<testcase classname="Registration" name="Negative case. No ability to register with empty data - Example #1.10" time="4.003">
<system-out><![CDATA[
Given the following user with email "jacktest1@test.co" is not in DB........passed
And the user navigates to signup page.......................................passed
Given the user navigates to signup page.....................................passed
When the user creates account with following fields.........................passed
Then the user should see the "email" required field error message "Please include an '@' in the email address. 'alla123' is missing an '@'.".passed
]]></system-out>
</testcase>
<testcase classname="Registration" name="Negative case. No ability to register with empty data - Example #1.11" time="6.131">
<system-out><![CDATA[
Given the following user with email "jacktest1@test.co" is not in DB........passed
And the user navigates to signup page.......................................passed
Given the user navigates to signup page.....................................passed
When the user creates account with following fields.........................passed
Then the user should see the "email" required field error message "'.' is used at a wrong position in '.co'.".passed
]]></system-out>
</testcase>
<testcase classname="Registration" name="Negative case. No ability to register with empty data - Example #1.12" time="5.454">
<system-out><![CDATA[
Given the following user with email "jacktest1@test.co" is not in DB........passed
And the user navigates to signup page.......................................passed
Given the user navigates to signup page.....................................passed
When the user creates account with following fields.........................passed
Then the user should see the "email" required field error message "A part following '@' should not contain the symbol ','.".passed
]]></system-out>
</testcase>
<testcase classname="Registration" name="Negative case. No ability to register with empty data - Example #1.13" time="3.671">
<system-out><![CDATA[
Given the following user with email "jacktest1@test.co" is not in DB........passed
And the user navigates to signup page.......................................passed
Given the user navigates to signup page.....................................passed
When the user creates account with following fields.........................passed
Then the user should see the "password" required field error message "Please fill out this field.".passed
]]></system-out>
</testcase>
<testcase classname="Registration" name="Negative case. No ability to register with empty data - Example #1.14" time="3.452">
<system-out><![CDATA[
Given the following user with email "jacktest1@test.co" is not in DB........passed
And the user navigates to signup page.......................................passed
Given the user navigates to signup page.....................................passed
When the user creates account with following fields.........................passed
Then the user should see the "confirmPassword" required field error message "Passwords Do Not Match".passed
]]></system-out>
</testcase>
<testcase classname="Registration" name="Negative case. No ability to register with empty data - Example #1.15" time="7.019">
<system-out><![CDATA[
Given the following user with email "jacktest1@test.co" is not in DB........passed
And the user navigates to signup page.......................................passed
Given the user navigates to signup page.....................................passed
When the user creates account with following fields.........................passed
Then the user should see the "address" required field error message "Please fill out this field.".passed
]]></system-out>
</testcase>
<testcase classname="Registration" name="Negative case. No ability to register with empty data - Example #1.16" time="8.488">
<system-out><![CDATA[
Given the following user with email "jacktest1@test.co" is not in DB........passed
And the user navigates to signup page.......................................passed
Given the user navigates to signup page.....................................passed
When the user creates account with following fields.........................passed
Then the user should see the "locality" required field error message "Please fill out this field.".passed
]]></system-out>
</testcase>
<testcase classname="Registration" name="Negative case. No ability to register with empty data - Example #1.17" time="6.217">
<system-out><![CDATA[
Given the following user with email "jacktest1@test.co" is not in DB........passed
And the user navigates to signup page.......................................passed
Given the user navigates to signup page.....................................passed
When the user creates account with following fields.........................passed
Then the user should see the "region" required field error message "Please fill out this field.".passed
]]></system-out>
</testcase>
<testcase classname="Registration" name="Negative case. No ability to register with empty data - Example #1.18" time="9.485">
<system-out><![CDATA[
Given the following user with email "jacktest1@test.co" is not in DB........passed
And the user navigates to signup page.......................................passed
Given the user navigates to signup page.....................................passed
When the user creates account with following fields.........................passed
Then the user should see the "postalCode" required field error message "Please fill out this field.".passed
]]></system-out>
</testcase>
<testcase classname="Registration" name="Negative case. No ability to register with empty data - Example #1.19" time="10.901">
<system-out><![CDATA[
Given the following user with email "jacktest1@test.co" is not in DB........passed
And the user navigates to signup page.......................................passed
Given the user navigates to signup page.....................................passed
When the user creates account with following fields.........................passed
Then the user should see the "country" required field error message "Please fill out this field.".passed
]]></system-out>
</testcase>
<testcase classname="Registration" name="Negative case. No ability to register with empty data - Example #1.20" time="8.109">
<system-out><![CDATA[
Given the following user with email "jacktest1@test.co" is not in DB........passed
And the user navigates to signup page.......................................passed
Given the user navigates to signup page.....................................passed
When the user creates account with following fields.........................passed
Then the user should see the "homePhone" required field error message "Please fill out this field.".passed
]]></system-out>
</testcase>
<testcase classname="Registration" name="Negative case. No ability to register with empty data - Example #1.21" time="7.213">
<failure type="org.opentest4j.AssertionFailedError" message="mismatch ==&gt; expected: &lt;Please fill out this field.&gt; but was: &lt;&gt;">
<![CDATA[org.opentest4j.AssertionFailedError: mismatch ==> expected: <Please fill out this field.> but was: <>
	at org.junit.jupiter.api.AssertionFailureBuilder.build(AssertionFailureBuilder.java:151)
	at org.junit.jupiter.api.AssertionFailureBuilder.buildAndThrow(AssertionFailureBuilder.java:132)
	at org.junit.jupiter.api.AssertEquals.failNotEqual(AssertEquals.java:197)
	at org.junit.jupiter.api.AssertEquals.assertEquals(AssertEquals.java:182)
	at org.junit.jupiter.api.Assertions.assertEquals(Assertions.java:1153)
	at ui.steps.UI.STEPS.Login.RegistrationSteps.theUserShouldSeeTheRequiredFieldErrorMessage(RegistrationSteps.java:55)
	at ✽.the user should see the "mobilePhone" required field error message "Please fill out this field."(classpath:features/Login/Registration.feature:22)
]]>
</failure>
<system-out><![CDATA[
Given the following user with email "jacktest1@test.co" is not in DB........passed
And the user navigates to signup page.......................................passed
Given the user navigates to signup page.....................................passed
When the user creates account with following fields.........................passed
Then the user should see the "mobilePhone" required field error message "Please fill out this field.".failed
]]></system-out>
</testcase>
<testcase classname="Registration" name="Negative case. No ability to register with empty data - Example #1.22" time="8.924">
<failure type="org.opentest4j.AssertionFailedError" message="mismatch ==&gt; expected: &lt;Please fill out this field.&gt; but was: &lt;&gt;">
<![CDATA[org.opentest4j.AssertionFailedError: mismatch ==> expected: <Please fill out this field.> but was: <>
	at org.junit.jupiter.api.AssertionFailureBuilder.build(AssertionFailureBuilder.java:151)
	at org.junit.jupiter.api.AssertionFailureBuilder.buildAndThrow(AssertionFailureBuilder.java:132)
	at org.junit.jupiter.api.AssertEquals.failNotEqual(AssertEquals.java:197)
	at org.junit.jupiter.api.AssertEquals.assertEquals(AssertEquals.java:182)
	at org.junit.jupiter.api.Assertions.assertEquals(Assertions.java:1153)
	at ui.steps.UI.STEPS.Login.RegistrationSteps.theUserShouldSeeTheRequiredFieldErrorMessage(RegistrationSteps.java:55)
	at ✽.the user should see the "workPhone" required field error message "Please fill out this field."(classpath:features/Login/Registration.feature:22)
]]>
</failure>
<system-out><![CDATA[
Given the following user with email "jacktest1@test.co" is not in DB........passed
And the user navigates to signup page.......................................passed
Given the user navigates to signup page.....................................passed
When the user creates account with following fields.........................passed
Then the user should see the "workPhone" required field error message "Please fill out this field.".failed
]]></system-out>
</testcase>
<testcase classname="Registration" name="Negative case. No ability to register with empty data - Example #1.23" time="9.874">
<system-out><![CDATA[
Given the following user with email "jacktest1@test.co" is not in DB........passed
And the user navigates to signup page.......................................passed
Given the user navigates to signup page.....................................passed
When the user creates account with following fields.........................passed
Then the user should see the "agreeToTermsCheckBox" required field error message "Please check this box if you want to proceed.".passed
]]></system-out>
</testcase>
<testcase classname="Remember me button" name="user clicks on remember me button" time="2.015">
<system-out><![CDATA[
Given the user is on main page with url "https://dbank-qa.wedevx.co/bank/login".passed
When the user fills out his credentials "johndoe@gmail.com" and "Test123$"..passed
And the user clicks on "Remember Me" button.................................passed
Then the user click Sign In button and credentials should be saved..........passed
]]></system-out>
</testcase>
<testcase classname="This feature file tests Profile page functionality" name="profile validation" time="14.373">
<failure type="org.openqa.selenium.NoSuchElementException" message="no such element: Unable to locate element: {&quot;method&quot;:&quot;xpath&quot;,&quot;selector&quot;:&quot;//div[@class = 'user-area dropdown show']&quot;}
  (Session info: headless chrome=116.0.5845.187)
For documentation on this error, please visit: https://www.selenium.dev/documentation/webdriver/troubleshooting/errors#no-such-element-exception
Build info: version: '4.11.0', revision: '040bc5406b'
System info: os.name: 'Mac OS X', os.arch: 'aarch64', os.version: '11.5.1', java.version: '20'
Driver info: org.openqa.selenium.chrome.ChromeDriver
Command: [168cc56cbbd62636f2e62ec097822238, findElement {using=xpath, value=//div[@class = 'user-area dropdown show']}]
Capabilities {acceptInsecureCerts: false, browserName: chrome, browserVersion: 116.0.5845.187, chrome: {chromedriverVersion: 116.0.5845.96 (1a3918166880..., userDataDir: /var/folders/_l/rg_v28fx7fx...}, fedcm:accounts: true, goog:chromeOptions: {debuggerAddress: localhost:62413}, networkConnectionEnabled: false, pageLoadStrategy: normal, platformName: mac, proxy: Proxy(), se:cdp: ws://localhost:62413/devtoo..., se:cdpVersion: 116.0.5845.187, setWindowRect: true, strictFileInteractability: false, timeouts: {implicit: 0, pageLoad: 300000, script: 30000}, unhandledPromptBehavior: dismiss and notify, webauthn:extension:credBlob: true, webauthn:extension:largeBlob: true, webauthn:extension:minPinLength: true, webauthn:extension:prf: true, webauthn:virtualAuthenticators: true}
Session ID: 168cc56cbbd62636f2e62ec097822238">
<![CDATA[org.openqa.selenium.NoSuchElementException: no such element: Unable to locate element: {"method":"xpath","selector":"//div[@class = 'user-area dropdown show']"}
  (Session info: headless chrome=116.0.5845.187)
For documentation on this error, please visit: https://www.selenium.dev/documentation/webdriver/troubleshooting/errors#no-such-element-exception
Build info: version: '4.11.0', revision: '040bc5406b'
System info: os.name: 'Mac OS X', os.arch: 'aarch64', os.version: '11.5.1', java.version: '20'
Driver info: org.openqa.selenium.chrome.ChromeDriver
Command: [168cc56cbbd62636f2e62ec097822238, findElement {using=xpath, value=//div[@class = 'user-area dropdown show']}]
Capabilities {acceptInsecureCerts: false, browserName: chrome, browserVersion: 116.0.5845.187, chrome: {chromedriverVersion: 116.0.5845.96 (1a3918166880..., userDataDir: /var/folders/_l/rg_v28fx7fx...}, fedcm:accounts: true, goog:chromeOptions: {debuggerAddress: localhost:62413}, networkConnectionEnabled: false, pageLoadStrategy: normal, platformName: mac, proxy: Proxy(), se:cdp: ws://localhost:62413/devtoo..., se:cdpVersion: 116.0.5845.187, setWindowRect: true, strictFileInteractability: false, timeouts: {implicit: 0, pageLoad: 300000, script: 30000}, unhandledPromptBehavior: dismiss and notify, webauthn:extension:credBlob: true, webauthn:extension:largeBlob: true, webauthn:extension:minPinLength: true, webauthn:extension:prf: true, webauthn:virtualAuthenticators: true}
Session ID: 168cc56cbbd62636f2e62ec097822238
	at java.base/jdk.internal.reflect.DirectConstructorHandleAccessor.newInstance(DirectConstructorHandleAccessor.java:67)
	at java.base/java.lang.reflect.Constructor.newInstanceWithCaller(Constructor.java:500)
	at java.base/java.lang.reflect.Constructor.newInstance(Constructor.java:484)
	at org.openqa.selenium.remote.codec.w3c.W3CHttpResponseCodec.createException(W3CHttpResponseCodec.java:200)
	at org.openqa.selenium.remote.codec.w3c.W3CHttpResponseCodec.decode(W3CHttpResponseCodec.java:133)
	at org.openqa.selenium.remote.codec.w3c.W3CHttpResponseCodec.decode(W3CHttpResponseCodec.java:52)
	at org.openqa.selenium.remote.HttpCommandExecutor.execute(HttpCommandExecutor.java:191)
	at org.openqa.selenium.remote.service.DriverCommandExecutor.invokeExecute(DriverCommandExecutor.java:196)
	at org.openqa.selenium.remote.service.DriverCommandExecutor.execute(DriverCommandExecutor.java:171)
	at org.openqa.selenium.remote.RemoteWebDriver.execute(RemoteWebDriver.java:518)
	at org.openqa.selenium.remote.ElementLocation$ElementFinder$2.findElement(ElementLocation.java:165)
	at org.openqa.selenium.remote.ElementLocation.findElement(ElementLocation.java:59)
	at org.openqa.selenium.remote.RemoteWebDriver.findElement(RemoteWebDriver.java:355)
	at org.openqa.selenium.remote.RemoteWebDriver.findElement(RemoteWebDriver.java:349)
	at org.openqa.selenium.support.pagefactory.DefaultElementLocator.findElement(DefaultElementLocator.java:68)
	at org.openqa.selenium.support.pagefactory.internal.LocatingElementHandler.invoke(LocatingElementHandler.java:38)
	at jdk.proxy2/jdk.proxy2.$Proxy31.getTagName(Unknown Source)
	at org.openqa.selenium.support.ui.Select.<init>(Select.java:43)
	at ui.Pages.ProfilePage.ProfilePage.clickProfilePic(ProfilePage.java:49)
	at ui.steps.UI.STEPS.Login.MyProfileSteps.user_clicks_on_my_profile(MyProfileSteps.java:33)
	at ✽.user clicks on my profile(classpath:features/Profile/MyProfile.feature:7)
]]>
</failure>
<system-out><![CDATA[
Given launch application....................................................passed
Given user login as "jacktest1@test.co" "Tester123!"........................passed
When user clicks on my profile..............................................failed
Then the user should see his or her account with the corresponding data:....skipped
]]></system-out>
</testcase>
<testcase classname="Create a new savings account" name="Create a new standard individual saving account" time="3.455">
<failure type="org.opentest4j.AssertionFailedError" message="actual url does not match the expected url ==&gt; expected: &lt;https://dbank-qa.wedevx.co/bank/login&gt; but was: &lt;https://dbank-qa.wedevx.co/bank/home&gt;">
<![CDATA[org.opentest4j.AssertionFailedError: actual url does not match the expected url ==> expected: <https://dbank-qa.wedevx.co/bank/login> but was: <https://dbank-qa.wedevx.co/bank/home>
	at org.junit.jupiter.api.AssertionFailureBuilder.build(AssertionFailureBuilder.java:151)
	at org.junit.jupiter.api.AssertionFailureBuilder.buildAndThrow(AssertionFailureBuilder.java:132)
	at org.junit.jupiter.api.AssertEquals.failNotEqual(AssertEquals.java:197)
	at org.junit.jupiter.api.AssertEquals.assertEquals(AssertEquals.java:182)
	at org.junit.jupiter.api.Assertions.assertEquals(Assertions.java:1153)
	at ui.steps.UI.STEPS.Checking.CreateCheckingAccountSteps.user_enters_user_name_and_password(CreateCheckingAccountSteps.java:44)
	at ✽.User enters userName "johndoe@gmail.com" and password "Test123$"(classpath:features/Savings/CreateSavingAccount.feature:5)
]]>
</failure>
<system-out><![CDATA[
Given url "https://dbank-qa.wedevx.co/bank/login" is opened.................passed
And User enters userName "johndoe@gmail.com" and password "Test123$"........failed
And creates a new individual savings account with the following data........skipped
Then User should see a green confirmation message saying "Confirmation Successfully created new Savings account named John Doe First Savings Account".skipped
And User should see the new checking account card...........................skipped
And User should see the following Transaction menu..........................skipped
]]></system-out>
</testcase>
</testsuite>
